{"/home/usuario/practicas/espree-logging-module-alu0101238944/src/addLogging.js": {"path":"/home/usuario/practicas/espree-logging-module-alu0101238944/src/addLogging.js","statementMap":{"0":{"start":{"line":10,"column":18},"end":{"line":10,"column":38}},"1":{"start":{"line":11,"column":15},"end":{"line":11,"column":32}},"2":{"start":{"line":12,"column":19},"end":{"line":12,"column":40}},"3":{"start":{"line":14,"column":0},"end":{"line":37,"column":1}},"4":{"start":{"line":23,"column":16},"end":{"line":23,"column":86}},"5":{"start":{"line":24,"column":4},"end":{"line":34,"column":7}},"6":{"start":{"line":27,"column":8},"end":{"line":32,"column":9}},"7":{"start":{"line":31,"column":12},"end":{"line":31,"column":71}},"8":{"start":{"line":31,"column":51},"end":{"line":31,"column":71}},"9":{"start":{"line":35,"column":4},"end":{"line":35,"column":35}},"10":{"start":{"line":46,"column":15},"end":{"line":46,"column":62}},"11":{"start":{"line":48,"column":21},"end":{"line":48,"column":68}},"12":{"start":{"line":48,"column":46},"end":{"line":48,"column":67}},"13":{"start":{"line":50,"column":21},"end":{"line":50,"column":103}},"14":{"start":{"line":53,"column":22},"end":{"line":53,"column":71}},"15":{"start":{"line":55,"column":2},"end":{"line":55,"column":54}}},"fnMap":{"0":{"name":"(anonymous_0)","decl":{"start":{"line":22,"column":14},"end":{"line":22,"column":15}},"loc":{"start":{"line":22,"column":38},"end":{"line":36,"column":3}},"line":22},"1":{"name":"(anonymous_1)","decl":{"start":{"line":25,"column":13},"end":{"line":25,"column":14}},"loc":{"start":{"line":25,"column":36},"end":{"line":33,"column":7}},"line":25},"2":{"name":"addBeforeCode","decl":{"start":{"line":43,"column":9},"end":{"line":43,"column":22}},"loc":{"start":{"line":43,"column":29},"end":{"line":56,"column":1}},"line":43},"3":{"name":"(anonymous_3)","decl":{"start":{"line":48,"column":37},"end":{"line":48,"column":38}},"loc":{"start":{"line":48,"column":46},"end":{"line":48,"column":67}},"line":48}},"branchMap":{"0":{"loc":{"start":{"line":27,"column":8},"end":{"line":32,"column":9}},"type":"switch","locations":[{"start":{"line":28,"column":10},"end":{"line":28,"column":37}},{"start":{"line":29,"column":10},"end":{"line":29,"column":36}},{"start":{"line":30,"column":10},"end":{"line":31,"column":71}}],"line":27},"1":{"loc":{"start":{"line":31,"column":12},"end":{"line":31,"column":71}},"type":"if","locations":[{"start":{"line":31,"column":12},"end":{"line":31,"column":71}},{"start":{"line":31,"column":12},"end":{"line":31,"column":71}}],"line":31},"2":{"loc":{"start":{"line":31,"column":16},"end":{"line":31,"column":49}},"type":"binary-expr","locations":[{"start":{"line":31,"column":16},"end":{"line":31,"column":24}},{"start":{"line":31,"column":28},"end":{"line":31,"column":49}}],"line":31},"3":{"loc":{"start":{"line":46,"column":15},"end":{"line":46,"column":62}},"type":"cond-expr","locations":[{"start":{"line":46,"column":25},"end":{"line":46,"column":37}},{"start":{"line":46,"column":40},"end":{"line":46,"column":62}}],"line":46}},"s":{"0":1,"1":1,"2":1,"3":1,"4":9,"5":9,"6":145,"7":9,"8":8,"9":9,"10":8,"11":8,"12":5,"13":8,"14":8,"15":8},"f":{"0":9,"1":145,"2":8,"3":5},"b":{"0":[2,5,9],"1":[8,1],"2":[9,2],"3":[4,4]},"_coverageSchema":"1a1c01bbd47fc00a2c39e90264f33305004495a9","hash":"8d11031f14a5207d1fb5475b8aa786537e1db7c1","contentHash":"f646227411f2f6d5f3a2f9e4e7aa2fc7b5c307bdb259f8d75f59dfa63ee72f8d"}
}
